
E:\temp\Arduino_makefile\Mega2560\blink_plain_C>make clean_all_prd
rm -rf ./prod/obj/*.o ./prod/obj/*.elf ./prod/obj/*.bin ./prod/obj/*.ali ./prod/obj/*.asm ./prod/obj/*.s ./prod/obj/*.S ./prod/obj/*.map ./prod/obj/*.hex ./prod/obj/*.d ./prod/dasm/*.asm ./prod/asm/*.s

E:\temp\Arduino_makefile\Mega2560\blink_plain_C>make all_prd
D:/SW_11/avr-gcc-12.1.0-x64-windows/bin/avr-gcc.exe -c -Os -MMD -DF_CPU=16000000UL -mmcu=atmega2560 -I./ -o prod/obj/blink_led.c.o src/blink_led.c
D:/SW_11/avr-gcc-12.1.0-x64-windows/bin/avr-gcc.exe -mmcu=atmega2560 -Wl,-Map=prod/obj/blink_mega2560.elf.map -Wl,--print-memory-usage -o prod/obj/blink_mega2560.elf prod/obj/blink_led.c.o
Memory region         Used Size  Region Size  %age Used
            text:         304 B         1 MB      0.03%
            data:          0 GB      65024 B      0.00%
          eeprom:          0 GB        64 KB      0.00%
            fuse:          0 GB          3 B      0.00%
            lock:          0 GB         1 KB      0.00%
       signature:          0 GB         1 KB      0.00%
 user_signatures:          0 GB         1 KB      0.00%

E:\temp\Arduino_makefile\Mega2560\blink_plain_C>make bin_prd
D:/SW_11/avr-gcc-12.1.0-x64-windows/bin/avr-objcopy.exe -O ihex -R .eeprom ./prod/obj/blink_mega2560.elf prod/obj/blink_mega2560.hex

E:\temp\Arduino_makefile\Mega2560\blink_plain_C>make load_prd PORT=COM7
D:/SW_11/avrdude-v7.1-windows-x64/avrdude.exe -D -c wiring -p atmega2560 -P COM7 -b 115200 -U flash:w:./prod/obj/blink_mega2560.hex

avrdude: AVR device initialized and ready to accept instructions
avrdude: device signature = 0x1e9801 (probably m2560)
avrdude: reading input file ./prod/obj/blink_mega2560.hex for flash
         with 304 bytes in 1 section within [0, 0x12f]
         using 2 pages and 208 pad bytes
avrdude: writing 304 bytes flash ...

Writing | ################################################## | 100% 0.12 s

avrdude: 304 bytes of flash written
avrdude: verifying flash memory against ./prod/obj/blink_mega2560.hex

Reading | ################################################## | 100% 0.08 s

avrdude: 304 bytes of flash verified

avrdude done.  Thank you.

