D:\Dosgamez\AVR_debug\examples_new\Arduino_makefile\Nano328p\blink_arduino>make clean_all_dbg
rm -rf ./debug/obj/*.o ./debug/obj/*.elf ./debug/obj/*.bin ./debug/obj/*.ali ./debug/obj/*.asm ./debug/obj/*.s ./debug/obj/*.S ./debug/obj/*.map ./debug/obj/*.hex ./debug/obj/*.d ./debug/dasm/*.asm ./debug/asm/*.s

D:\Dosgamez\AVR_debug\examples_new\Arduino_makefile\Nano328p\blink_arduino>make all_prd
D:/SW_11/avr-gcc-12.1.0-x64-windows/bin/avr-g++.exe -c -Os -MMD -DF_CPU=16000000UL -mmcu=atmega328p -I../ARL/src/cores/arduino -I../ARL/src/variants/eightanaloginputs -o prod/obj/blink_arduino.cpp.o src/blink_arduino.cpp
D:/SW_11/avr-gcc-12.1.0-x64-windows/bin/avr-gcc.exe -mmcu=atmega328p -Wl,-Map=prod/obj/blink_nano328p.elf.map -o prod/obj/blink_nano328p.elf prod/obj/blink_arduino.cpp.o  ../ARL/prod/obj/ARL.a

D:\Dosgamez\AVR_debug\examples_new\Arduino_makefile\Nano328p\blink_arduino>make bin_prd
D:/SW_11/avr-gcc-12.1.0-x64-windows/bin/avr-objcopy.exe -O ihex -R .eeprom ./prod/obj/blink_nano328p.elf prod/obj/blink_nano328p.hex

D:\Dosgamez\AVR_debug\examples_new\Arduino_makefile\Nano328p\blink_arduino>make load_prd PORT=COM5
D:/SW_11/avrdude-v7.1-windows-x64/avrdude.exe -D -c arduino -p atmega328p -P COM5 -b 57600 -U flash:w:./prod/obj/blink_nano328p.hex

avrdude: AVR device initialized and ready to accept instructions
avrdude: device signature = 0x1e950f (probably m328p)
avrdude: reading input file ./prod/obj/blink_nano328p.hex for flash
         with 1302 bytes in 1 section within [0, 0x515]
         using 11 pages and 106 pad bytes
avrdude: writing 1302 bytes flash ...

Writing | ################################################## | 100% 0.44 s

avrdude: 1302 bytes of flash written
avrdude: verifying flash memory against ./prod/obj/blink_nano328p.hex

Reading | ################################################## | 100% 0.31 s

avrdude: 1302 bytes of flash verified

avrdude done.  Thank you.


D:\Dosgamez\AVR_debug\examples_new\Arduino_makefile\Nano328p\blink_arduino>

