
E:\temp\arduino-avr-makefile\Arduino_makefile\Mega2560\ARL>make clean_dbg
rm -rf ./debug/obj/*.o ./debug/obj/*.elf ./debug/obj/*.bin ./debug/obj/*.ali ./debug/obj/*.asm ./debug/obj/*.s ./debug/obj/*.S ./debug/obj/*.map ./debug/obj/*.hex ./debug/obj/*.d ./debug/obj/*.a

E:\temp\arduino-avr-makefile\Arduino_makefile\Mega2560\ARL>make clean_prd
rm -rf ./prod/obj/*.o ./prod/obj/*.elf ./prod/obj/*.bin ./prod/obj/*.ali ./prod/obj/*.asm ./prod/obj/*.s ./prod/obj/*.S ./prod/obj/*.map ./prod/obj/*.hex ./prod/obj/*.d ./prod/obj/*.a

E:\temp\arduino-avr-makefile\Arduino_makefile\Mega2560\ARL>make all_dbg
D:/SW_11/avr-gcc-12.1.0-x64-windows/bin/avr-gcc.exe -c -g -Os -MMD -DF_CPU=16000000UL -mmcu=atmega2560 -I./src/cores/arduino -I./src/variants/mega -o debug/obj/wiring_shift.c.o src/cores/arduino/wiring_shift.c
D:/SW_11/avr-gcc-12.1.0-x64-windows/bin/avr-gcc.exe -c -g -Os -MMD -DF_CPU=16000000UL -mmcu=atmega2560 -I./src/cores/arduino -I./src/variants/mega -o debug/obj/wiring_analog.c.o src/cores/arduino/wiring_analog.c
D:/SW_11/avr-gcc-12.1.0-x64-windows/bin/avr-gcc.exe -c -g -Os -MMD -DF_CPU=16000000UL -mmcu=atmega2560 -I./src/cores/arduino -I./src/variants/mega -o debug/obj/wiring_pulse.c.o src/cores/arduino/wiring_pulse.c
D:/SW_11/avr-gcc-12.1.0-x64-windows/bin/avr-gcc.exe -c -g -Os -MMD -DF_CPU=16000000UL -mmcu=atmega2560 -I./src/cores/arduino -I./src/variants/mega -o debug/obj/hooks.c.o src/cores/arduino/hooks.c
D:/SW_11/avr-gcc-12.1.0-x64-windows/bin/avr-gcc.exe -c -g -Os -MMD -DF_CPU=16000000UL -mmcu=atmega2560 -I./src/cores/arduino -I./src/variants/mega -o debug/obj/WInterrupts.c.o src/cores/arduino/WInterrupts.c
D:/SW_11/avr-gcc-12.1.0-x64-windows/bin/avr-gcc.exe -c -g -Os -MMD -DF_CPU=16000000UL -mmcu=atmega2560 -I./src/cores/arduino -I./src/variants/mega -o debug/obj/wiring_digital.c.o src/cores/arduino/wiring_digital.c
D:/SW_11/avr-gcc-12.1.0-x64-windows/bin/avr-gcc.exe -c -g -Os -MMD -DF_CPU=16000000UL -mmcu=atmega2560 -I./src/cores/arduino -I./src/variants/mega -o debug/obj/wiring.c.o src/cores/arduino/wiring.c
D:/SW_11/avr-gcc-12.1.0-x64-windows/bin/avr-g++.exe -c -g -Os -MMD -DF_CPU=16000000UL -mmcu=atmega2560 -I./src/cores/arduino -I./src/variants/mega -o debug/obj/CDC.cpp.o src/cores/arduino/CDC.cpp
D:/SW_11/avr-gcc-12.1.0-x64-windows/bin/avr-g++.exe -c -g -Os -MMD -DF_CPU=16000000UL -mmcu=atmega2560 -I./src/cores/arduino -I./src/variants/mega -o debug/obj/HardwareSerial.cpp.o src/cores/arduino/HardwareSerial.cpp
D:/SW_11/avr-gcc-12.1.0-x64-windows/bin/avr-g++.exe -c -g -Os -MMD -DF_CPU=16000000UL -mmcu=atmega2560 -I./src/cores/arduino -I./src/variants/mega -o debug/obj/main.cpp.o src/cores/arduino/main.cpp
D:/SW_11/avr-gcc-12.1.0-x64-windows/bin/avr-g++.exe -c -g -Os -MMD -DF_CPU=16000000UL -mmcu=atmega2560 -I./src/cores/arduino -I./src/variants/mega -o debug/obj/WMath.cpp.o src/cores/arduino/WMath.cpp
D:/SW_11/avr-gcc-12.1.0-x64-windows/bin/avr-g++.exe -c -g -Os -MMD -DF_CPU=16000000UL -mmcu=atmega2560 -I./src/cores/arduino -I./src/variants/mega -o debug/obj/PluggableUSB.cpp.o src/cores/arduino/PluggableUSB.cpp
D:/SW_11/avr-gcc-12.1.0-x64-windows/bin/avr-g++.exe -c -g -Os -MMD -DF_CPU=16000000UL -mmcu=atmega2560 -I./src/cores/arduino -I./src/variants/mega -o debug/obj/new.cpp.o src/cores/arduino/new.cpp
D:/SW_11/avr-gcc-12.1.0-x64-windows/bin/avr-g++.exe -c -g -Os -MMD -DF_CPU=16000000UL -mmcu=atmega2560 -I./src/cores/arduino -I./src/variants/mega -o debug/obj/USBCore.cpp.o src/cores/arduino/USBCore.cpp
D:/SW_11/avr-gcc-12.1.0-x64-windows/bin/avr-g++.exe -c -g -Os -MMD -DF_CPU=16000000UL -mmcu=atmega2560 -I./src/cores/arduino -I./src/variants/mega -o debug/obj/abi.cpp.o src/cores/arduino/abi.cpp
D:/SW_11/avr-gcc-12.1.0-x64-windows/bin/avr-g++.exe -c -g -Os -MMD -DF_CPU=16000000UL -mmcu=atmega2560 -I./src/cores/arduino -I./src/variants/mega -o debug/obj/Stream.cpp.o src/cores/arduino/Stream.cpp
D:/SW_11/avr-gcc-12.1.0-x64-windows/bin/avr-g++.exe -c -g -Os -MMD -DF_CPU=16000000UL -mmcu=atmega2560 -I./src/cores/arduino -I./src/variants/mega -o debug/obj/Print.cpp.o src/cores/arduino/Print.cpp
D:/SW_11/avr-gcc-12.1.0-x64-windows/bin/avr-g++.exe -c -g -Os -MMD -DF_CPU=16000000UL -mmcu=atmega2560 -I./src/cores/arduino -I./src/variants/mega -o debug/obj/HardwareSerial1.cpp.o src/cores/arduino/HardwareSerial1.cpp
D:/SW_11/avr-gcc-12.1.0-x64-windows/bin/avr-g++.exe -c -g -Os -MMD -DF_CPU=16000000UL -mmcu=atmega2560 -I./src/cores/arduino -I./src/variants/mega -o debug/obj/HardwareSerial2.cpp.o src/cores/arduino/HardwareSerial2.cpp
D:/SW_11/avr-gcc-12.1.0-x64-windows/bin/avr-g++.exe -c -g -Os -MMD -DF_CPU=16000000UL -mmcu=atmega2560 -I./src/cores/arduino -I./src/variants/mega -o debug/obj/Tone.cpp.o src/cores/arduino/Tone.cpp
D:/SW_11/avr-gcc-12.1.0-x64-windows/bin/avr-g++.exe -c -g -Os -MMD -DF_CPU=16000000UL -mmcu=atmega2560 -I./src/cores/arduino -I./src/variants/mega -o debug/obj/HardwareSerial3.cpp.o src/cores/arduino/HardwareSerial3.cpp
D:/SW_11/avr-gcc-12.1.0-x64-windows/bin/avr-g++.exe -c -g -Os -MMD -DF_CPU=16000000UL -mmcu=atmega2560 -I./src/cores/arduino -I./src/variants/mega -o debug/obj/WString.cpp.o src/cores/arduino/WString.cpp
D:/SW_11/avr-gcc-12.1.0-x64-windows/bin/avr-g++.exe -c -g -Os -MMD -DF_CPU=16000000UL -mmcu=atmega2560 -I./src/cores/arduino -I./src/variants/mega -o debug/obj/HardwareSerial0.cpp.o src/cores/arduino/HardwareSerial0.cpp
D:/SW_11/avr-gcc-12.1.0-x64-windows/bin/avr-g++.exe -c -g -Os -MMD -DF_CPU=16000000UL -mmcu=atmega2560 -I./src/cores/arduino -I./src/variants/mega -o debug/obj/IPAddress.cpp.o src/cores/arduino/IPAddress.cpp
D:/SW_11/avr-gcc-12.1.0-x64-windows/bin/avr-gcc.exe -c -g -x assembler-with-cpp -MMD -DF_CPU=16000000UL -mmcu=atmega2560 -I./src/cores/arduino -I./src/variants/mega -o debug/obj/wiring_pulse.S.o src/cores/arduino/wiring_pulse.S
D:/SW_11/avr-gcc-12.1.0-x64-windows/bin/avr-gcc-ar.exe rcs debug/obj/ARL.a debug/obj/wiring_shift.c.o debug/obj/wiring_analog.c.o debug/obj/wiring_pulse.c.o debug/obj/hooks.c.o debug/obj/WInterrupts.c.o debug/obj/wiring_digital.c.o debug/obj/wiring.c.o debug/obj/CDC.cpp.o debug/obj/HardwareSerial.cpp.o debug/obj/main.cpp.o debug/obj/WMath.cpp.o debug/obj/PluggableUSB.cpp.o debug/obj/new.cpp.o debug/obj/USBCore.cpp.o debug/obj/abi.cpp.o debug/obj/Stream.cpp.o debug/obj/Print.cpp.o debug/obj/HardwareSerial1.cpp.o debug/obj/HardwareSerial2.cpp.o debug/obj/Tone.cpp.o debug/obj/HardwareSerial3.cpp.o debug/obj/WString.cpp.o debug/obj/HardwareSerial0.cpp.o debug/obj/IPAddress.cpp.o debug/obj/wiring_pulse.S.o

E:\temp\arduino-avr-makefile\Arduino_makefile\Mega2560\ARL>make all_prd
D:/SW_11/avr-gcc-12.1.0-x64-windows/bin/avr-gcc.exe -c -Os -MMD -DF_CPU=16000000UL -mmcu=atmega2560 -I./src/cores/arduino -I./src/variants/mega -o prod/obj/wiring_shift.c.o src/cores/arduino/wiring_shift.c
D:/SW_11/avr-gcc-12.1.0-x64-windows/bin/avr-gcc.exe -c -Os -MMD -DF_CPU=16000000UL -mmcu=atmega2560 -I./src/cores/arduino -I./src/variants/mega -o prod/obj/wiring_analog.c.o src/cores/arduino/wiring_analog.c
D:/SW_11/avr-gcc-12.1.0-x64-windows/bin/avr-gcc.exe -c -Os -MMD -DF_CPU=16000000UL -mmcu=atmega2560 -I./src/cores/arduino -I./src/variants/mega -o prod/obj/wiring_pulse.c.o src/cores/arduino/wiring_pulse.c
D:/SW_11/avr-gcc-12.1.0-x64-windows/bin/avr-gcc.exe -c -Os -MMD -DF_CPU=16000000UL -mmcu=atmega2560 -I./src/cores/arduino -I./src/variants/mega -o prod/obj/hooks.c.o src/cores/arduino/hooks.c
D:/SW_11/avr-gcc-12.1.0-x64-windows/bin/avr-gcc.exe -c -Os -MMD -DF_CPU=16000000UL -mmcu=atmega2560 -I./src/cores/arduino -I./src/variants/mega -o prod/obj/WInterrupts.c.o src/cores/arduino/WInterrupts.c
D:/SW_11/avr-gcc-12.1.0-x64-windows/bin/avr-gcc.exe -c -Os -MMD -DF_CPU=16000000UL -mmcu=atmega2560 -I./src/cores/arduino -I./src/variants/mega -o prod/obj/wiring_digital.c.o src/cores/arduino/wiring_digital.c
D:/SW_11/avr-gcc-12.1.0-x64-windows/bin/avr-gcc.exe -c -Os -MMD -DF_CPU=16000000UL -mmcu=atmega2560 -I./src/cores/arduino -I./src/variants/mega -o prod/obj/wiring.c.o src/cores/arduino/wiring.c
D:/SW_11/avr-gcc-12.1.0-x64-windows/bin/avr-g++.exe -c -Os -MMD -DF_CPU=16000000UL -mmcu=atmega2560 -I./src/cores/arduino -I./src/variants/mega -o prod/obj/CDC.cpp.o src/cores/arduino/CDC.cpp
D:/SW_11/avr-gcc-12.1.0-x64-windows/bin/avr-g++.exe -c -Os -MMD -DF_CPU=16000000UL -mmcu=atmega2560 -I./src/cores/arduino -I./src/variants/mega -o prod/obj/HardwareSerial.cpp.o src/cores/arduino/HardwareSerial.cpp
D:/SW_11/avr-gcc-12.1.0-x64-windows/bin/avr-g++.exe -c -Os -MMD -DF_CPU=16000000UL -mmcu=atmega2560 -I./src/cores/arduino -I./src/variants/mega -o prod/obj/main.cpp.o src/cores/arduino/main.cpp
D:/SW_11/avr-gcc-12.1.0-x64-windows/bin/avr-g++.exe -c -Os -MMD -DF_CPU=16000000UL -mmcu=atmega2560 -I./src/cores/arduino -I./src/variants/mega -o prod/obj/WMath.cpp.o src/cores/arduino/WMath.cpp
D:/SW_11/avr-gcc-12.1.0-x64-windows/bin/avr-g++.exe -c -Os -MMD -DF_CPU=16000000UL -mmcu=atmega2560 -I./src/cores/arduino -I./src/variants/mega -o prod/obj/PluggableUSB.cpp.o src/cores/arduino/PluggableUSB.cpp
D:/SW_11/avr-gcc-12.1.0-x64-windows/bin/avr-g++.exe -c -Os -MMD -DF_CPU=16000000UL -mmcu=atmega2560 -I./src/cores/arduino -I./src/variants/mega -o prod/obj/new.cpp.o src/cores/arduino/new.cpp
D:/SW_11/avr-gcc-12.1.0-x64-windows/bin/avr-g++.exe -c -Os -MMD -DF_CPU=16000000UL -mmcu=atmega2560 -I./src/cores/arduino -I./src/variants/mega -o prod/obj/USBCore.cpp.o src/cores/arduino/USBCore.cpp
D:/SW_11/avr-gcc-12.1.0-x64-windows/bin/avr-g++.exe -c -Os -MMD -DF_CPU=16000000UL -mmcu=atmega2560 -I./src/cores/arduino -I./src/variants/mega -o prod/obj/abi.cpp.o src/cores/arduino/abi.cpp
D:/SW_11/avr-gcc-12.1.0-x64-windows/bin/avr-g++.exe -c -Os -MMD -DF_CPU=16000000UL -mmcu=atmega2560 -I./src/cores/arduino -I./src/variants/mega -o prod/obj/Stream.cpp.o src/cores/arduino/Stream.cpp
D:/SW_11/avr-gcc-12.1.0-x64-windows/bin/avr-g++.exe -c -Os -MMD -DF_CPU=16000000UL -mmcu=atmega2560 -I./src/cores/arduino -I./src/variants/mega -o prod/obj/Print.cpp.o src/cores/arduino/Print.cpp
D:/SW_11/avr-gcc-12.1.0-x64-windows/bin/avr-g++.exe -c -Os -MMD -DF_CPU=16000000UL -mmcu=atmega2560 -I./src/cores/arduino -I./src/variants/mega -o prod/obj/HardwareSerial1.cpp.o src/cores/arduino/HardwareSerial1.cpp
D:/SW_11/avr-gcc-12.1.0-x64-windows/bin/avr-g++.exe -c -Os -MMD -DF_CPU=16000000UL -mmcu=atmega2560 -I./src/cores/arduino -I./src/variants/mega -o prod/obj/HardwareSerial2.cpp.o src/cores/arduino/HardwareSerial2.cpp
D:/SW_11/avr-gcc-12.1.0-x64-windows/bin/avr-g++.exe -c -Os -MMD -DF_CPU=16000000UL -mmcu=atmega2560 -I./src/cores/arduino -I./src/variants/mega -o prod/obj/Tone.cpp.o src/cores/arduino/Tone.cpp
D:/SW_11/avr-gcc-12.1.0-x64-windows/bin/avr-g++.exe -c -Os -MMD -DF_CPU=16000000UL -mmcu=atmega2560 -I./src/cores/arduino -I./src/variants/mega -o prod/obj/HardwareSerial3.cpp.o src/cores/arduino/HardwareSerial3.cpp
D:/SW_11/avr-gcc-12.1.0-x64-windows/bin/avr-g++.exe -c -Os -MMD -DF_CPU=16000000UL -mmcu=atmega2560 -I./src/cores/arduino -I./src/variants/mega -o prod/obj/WString.cpp.o src/cores/arduino/WString.cpp
D:/SW_11/avr-gcc-12.1.0-x64-windows/bin/avr-g++.exe -c -Os -MMD -DF_CPU=16000000UL -mmcu=atmega2560 -I./src/cores/arduino -I./src/variants/mega -o prod/obj/HardwareSerial0.cpp.o src/cores/arduino/HardwareSerial0.cpp
D:/SW_11/avr-gcc-12.1.0-x64-windows/bin/avr-g++.exe -c -Os -MMD -DF_CPU=16000000UL -mmcu=atmega2560 -I./src/cores/arduino -I./src/variants/mega -o prod/obj/IPAddress.cpp.o src/cores/arduino/IPAddress.cpp
D:/SW_11/avr-gcc-12.1.0-x64-windows/bin/avr-gcc.exe -c -x assembler-with-cpp -MMD -DF_CPU=16000000UL -mmcu=atmega2560 -I./src/cores/arduino -I./src/variants/mega -o prod/obj/wiring_pulse.S.o src/cores/arduino/wiring_pulse.S
D:/SW_11/avr-gcc-12.1.0-x64-windows/bin/avr-gcc-ar.exe rcs prod/obj/ARL.a prod/obj/wiring_shift.c.o prod/obj/wiring_analog.c.o prod/obj/wiring_pulse.c.o prod/obj/hooks.c.o prod/obj/WInterrupts.c.o prod/obj/wiring_digital.c.o prod/obj/wiring.c.o prod/obj/CDC.cpp.o prod/obj/HardwareSerial.cpp.o prod/obj/main.cpp.o prod/obj/WMath.cpp.o prod/obj/PluggableUSB.cpp.o prod/obj/new.cpp.o prod/obj/USBCore.cpp.o prod/obj/abi.cpp.o prod/obj/Stream.cpp.o prod/obj/Print.cpp.o prod/obj/HardwareSerial1.cpp.o prod/obj/HardwareSerial2.cpp.o prod/obj/Tone.cpp.o prod/obj/HardwareSerial3.cpp.o prod/obj/WString.cpp.o prod/obj/HardwareSerial0.cpp.o prod/obj/IPAddress.cpp.o prod/obj/wiring_pulse.S.o
